<?xml version="1.0" encoding="UTF-8"?>
<!-- Generated by org.testng.reporters.JUnitXMLReporter -->
<testsuite hostname="ETPL-WK-SIF9411" ignored="0" name="Test" tests="27" failures="0" timestamp="2020-08-07T13:12:20 IST" time="96.036" errors="0">
  <testcase name="test1" time="0.001" classname="NG.Alltest"/>
  <testcase name="test2" time="21.696" classname="NG.Alltest"/>
  <testcase name="test1" time="0.0" classname="NG.Exceptiontimeouttest"/>
  <testcase name="sum" time="0.0" classname="NG.Invocationcounttest"/>
  <testcase name="sum" time="0.0" classname="NG.Invocationcounttest"/>
  <testcase name="sum" time="0.0" classname="NG.Invocationcounttest"/>
  <testcase name="sum" time="0.001" classname="NG.Invocationcounttest"/>
  <testcase name="sum" time="0.0" classname="NG.Invocationcounttest"/>
  <testcase name="sum" time="0.0" classname="NG.Invocationcounttest"/>
  <testcase name="sum" time="0.001" classname="NG.Invocationcounttest"/>
  <testcase name="sum" time="0.0" classname="NG.Invocationcounttest"/>
  <testcase name="sum" time="0.0" classname="NG.Invocationcounttest"/>
  <testcase name="sum" time="0.0" classname="NG.Invocationcounttest"/>
  <testcase name="searchward" time="8.54" classname="NG.Sodexotestcases"/>
  <testcase name="searchbypatientname" time="6.557" classname="NG.Sodexotestcases"/>
  <testcase name="patientransferdetails" time="3.127" classname="NG.Sodexotestcases"/>
  <testcase name="nextbutton" time="2.331" classname="NG.Sodexotestcases"/>
  <testcase name="test0" time="0.001" classname="NG.Sodexotestcases"/>
  <testcase name="test1" time="0.0" classname="NG.Sodexotestcases"/>
  <testcase name="test2" time="0.0" classname="NG.Sodexotestcases"/>
  <testcase name="clickonsearch" time="0.0" classname="NG.TestNGbasic"/>
  <testcase name="selectbed" time="0.0" classname="NG.TestNGbasic"/>
  <testcase name="selectward" time="0.0" classname="NG.TestNGbasic"/>
  <testcase name="loginTest" time="0.0" classname="NG.TestNGfeatures"/>
  <testcase name="HomePagetest" time="0.0" classname="NG.TestNGfeatures"/>
  <testcase name="RegisterPagetest" time="0.0" classname="NG.TestNGfeatures"/>
  <testcase name="SearchPagetest" time="0.0" classname="NG.TestNGfeatures"/>
</testsuite> <!-- Test -->
