<?xml version="1.0" encoding="UTF-8"?>
<testng-results skipped="0" failed="0" ignored="0" total="27" passed="27">
  <reporter-output>
  </reporter-output>
  <suite name="Suite" duration-ms="96036" started-at="2020-08-07T13:10:44 IST" finished-at="2020-08-07T13:12:20 IST">
    <groups>
      <group name="test">
        <method signature="Sodexotestcases.test0()[pri:5, instance:NG.Sodexotestcases@2cb4c3ab]" name="test0" class="NG.Sodexotestcases"/>
        <method signature="Sodexotestcases.test1()[pri:6, instance:NG.Sodexotestcases@2cb4c3ab]" name="test1" class="NG.Sodexotestcases"/>
        <method signature="Sodexotestcases.test2()[pri:7, instance:NG.Sodexotestcases@2cb4c3ab]" name="test2" class="NG.Sodexotestcases"/>
      </group> <!-- test -->
      <group name="next button">
        <method signature="Sodexotestcases.nextbutton()[pri:4, instance:NG.Sodexotestcases@2cb4c3ab]" name="nextbutton" class="NG.Sodexotestcases"/>
      </group> <!-- next button -->
      <group name="patient transfer">
        <method signature="Sodexotestcases.patientransferdetails()[pri:3, instance:NG.Sodexotestcases@2cb4c3ab]" name="patientransferdetails" class="NG.Sodexotestcases"/>
      </group> <!-- patient transfer -->
      <group name="ward search">
        <method signature="Sodexotestcases.searchward()[pri:1, instance:NG.Sodexotestcases@2cb4c3ab]" name="searchward" class="NG.Sodexotestcases"/>
      </group> <!-- ward search -->
      <group name="patientname search">
        <method signature="Sodexotestcases.searchbypatientname()[pri:2, instance:NG.Sodexotestcases@2cb4c3ab]" name="searchbypatientname" class="NG.Sodexotestcases"/>
      </group> <!-- patientname search -->
    </groups>
    <test name="Test" duration-ms="96036" started-at="2020-08-07T13:10:44 IST" finished-at="2020-08-07T13:12:20 IST">
      <class name="NG.Sodexotestcases">
        <test-method status="PASS" signature="setup()[pri:0, instance:NG.Sodexotestcases@2cb4c3ab]" name="setup" is-config="true" duration-ms="6611" started-at="2020-08-07T13:11:06 IST" finished-at="2020-08-07T13:11:13 IST">
          <reporter-output>
          </reporter-output>
        </test-method> <!-- setup -->
        <test-method status="PASS" signature="searchward()[pri:1, instance:NG.Sodexotestcases@2cb4c3ab]" name="searchward" duration-ms="8540" started-at="2020-08-07T13:11:13 IST" finished-at="2020-08-07T13:11:21 IST">
          <reporter-output>
          </reporter-output>
        </test-method> <!-- searchward -->
        <test-method status="PASS" signature="tearup()[pri:0, instance:NG.Sodexotestcases@2cb4c3ab]" name="tearup" is-config="true" duration-ms="783" started-at="2020-08-07T13:11:21 IST" finished-at="2020-08-07T13:11:22 IST">
          <reporter-output>
          </reporter-output>
        </test-method> <!-- tearup -->
        <test-method status="PASS" signature="setup()[pri:0, instance:NG.Sodexotestcases@2cb4c3ab]" name="setup" is-config="true" duration-ms="6741" started-at="2020-08-07T13:11:22 IST" finished-at="2020-08-07T13:11:29 IST">
          <reporter-output>
          </reporter-output>
        </test-method> <!-- setup -->
        <test-method status="PASS" signature="searchbypatientname()[pri:2, instance:NG.Sodexotestcases@2cb4c3ab]" name="searchbypatientname" duration-ms="6557" started-at="2020-08-07T13:11:29 IST" finished-at="2020-08-07T13:11:35 IST">
          <reporter-output>
          </reporter-output>
        </test-method> <!-- searchbypatientname -->
        <test-method status="PASS" signature="tearup()[pri:0, instance:NG.Sodexotestcases@2cb4c3ab]" name="tearup" is-config="true" duration-ms="751" started-at="2020-08-07T13:11:35 IST" finished-at="2020-08-07T13:11:36 IST">
          <reporter-output>
          </reporter-output>
        </test-method> <!-- tearup -->
        <test-method status="PASS" signature="setup()[pri:0, instance:NG.Sodexotestcases@2cb4c3ab]" name="setup" is-config="true" duration-ms="6366" started-at="2020-08-07T13:11:36 IST" finished-at="2020-08-07T13:11:42 IST">
          <reporter-output>
          </reporter-output>
        </test-method> <!-- setup -->
        <test-method status="PASS" signature="patientransferdetails()[pri:3, instance:NG.Sodexotestcases@2cb4c3ab]" name="patientransferdetails" duration-ms="3127" started-at="2020-08-07T13:11:42 IST" finished-at="2020-08-07T13:11:45 IST">
          <reporter-output>
          </reporter-output>
        </test-method> <!-- patientransferdetails -->
        <test-method status="PASS" signature="tearup()[pri:0, instance:NG.Sodexotestcases@2cb4c3ab]" name="tearup" is-config="true" duration-ms="771" started-at="2020-08-07T13:11:45 IST" finished-at="2020-08-07T13:11:46 IST">
          <reporter-output>
          </reporter-output>
        </test-method> <!-- tearup -->
        <test-method status="PASS" signature="setup()[pri:0, instance:NG.Sodexotestcases@2cb4c3ab]" name="setup" is-config="true" duration-ms="6400" started-at="2020-08-07T13:11:46 IST" finished-at="2020-08-07T13:11:53 IST">
          <reporter-output>
          </reporter-output>
        </test-method> <!-- setup -->
        <test-method status="PASS" signature="nextbutton()[pri:4, instance:NG.Sodexotestcases@2cb4c3ab]" name="nextbutton" duration-ms="2331" started-at="2020-08-07T13:11:53 IST" finished-at="2020-08-07T13:11:55 IST">
          <reporter-output>
          </reporter-output>
        </test-method> <!-- nextbutton -->
        <test-method status="PASS" signature="tearup()[pri:0, instance:NG.Sodexotestcases@2cb4c3ab]" name="tearup" is-config="true" duration-ms="765" started-at="2020-08-07T13:11:55 IST" finished-at="2020-08-07T13:11:56 IST">
          <reporter-output>
          </reporter-output>
        </test-method> <!-- tearup -->
        <test-method status="PASS" signature="setup()[pri:0, instance:NG.Sodexotestcases@2cb4c3ab]" name="setup" is-config="true" duration-ms="7881" started-at="2020-08-07T13:11:56 IST" finished-at="2020-08-07T13:12:04 IST">
          <reporter-output>
          </reporter-output>
        </test-method> <!-- setup -->
        <test-method status="PASS" signature="test0()[pri:5, instance:NG.Sodexotestcases@2cb4c3ab]" name="test0" duration-ms="1" started-at="2020-08-07T13:12:04 IST" finished-at="2020-08-07T13:12:04 IST">
          <reporter-output>
          </reporter-output>
        </test-method> <!-- test0 -->
        <test-method status="PASS" signature="tearup()[pri:0, instance:NG.Sodexotestcases@2cb4c3ab]" name="tearup" is-config="true" duration-ms="820" started-at="2020-08-07T13:12:04 IST" finished-at="2020-08-07T13:12:04 IST">
          <reporter-output>
          </reporter-output>
        </test-method> <!-- tearup -->
        <test-method status="PASS" signature="setup()[pri:0, instance:NG.Sodexotestcases@2cb4c3ab]" name="setup" is-config="true" duration-ms="7583" started-at="2020-08-07T13:12:04 IST" finished-at="2020-08-07T13:12:12 IST">
          <reporter-output>
          </reporter-output>
        </test-method> <!-- setup -->
        <test-method status="PASS" signature="test1()[pri:6, instance:NG.Sodexotestcases@2cb4c3ab]" name="test1" duration-ms="0" started-at="2020-08-07T13:12:12 IST" finished-at="2020-08-07T13:12:12 IST">
          <reporter-output>
          </reporter-output>
        </test-method> <!-- test1 -->
        <test-method status="PASS" signature="tearup()[pri:0, instance:NG.Sodexotestcases@2cb4c3ab]" name="tearup" is-config="true" duration-ms="737" started-at="2020-08-07T13:12:12 IST" finished-at="2020-08-07T13:12:13 IST">
          <reporter-output>
          </reporter-output>
        </test-method> <!-- tearup -->
        <test-method status="PASS" signature="setup()[pri:0, instance:NG.Sodexotestcases@2cb4c3ab]" name="setup" is-config="true" duration-ms="6787" started-at="2020-08-07T13:12:13 IST" finished-at="2020-08-07T13:12:20 IST">
          <reporter-output>
          </reporter-output>
        </test-method> <!-- setup -->
        <test-method status="PASS" signature="tearup()[pri:0, instance:NG.Sodexotestcases@2cb4c3ab]" name="tearup" is-config="true" duration-ms="729" started-at="2020-08-07T13:12:20 IST" finished-at="2020-08-07T13:12:20 IST">
          <reporter-output>
          </reporter-output>
        </test-method> <!-- tearup -->
        <test-method status="PASS" signature="test2()[pri:7, instance:NG.Sodexotestcases@2cb4c3ab]" name="test2" duration-ms="0" started-at="2020-08-07T13:12:20 IST" finished-at="2020-08-07T13:12:20 IST">
          <reporter-output>
          </reporter-output>
        </test-method> <!-- test2 -->
      </class> <!-- NG.Sodexotestcases -->
      <class name="NG.Alltest">
        <test-method status="PASS" signature="test1()[pri:0, instance:NG.Alltest@737996a0]" name="test1" duration-ms="1" started-at="2020-08-07T13:10:44 IST" finished-at="2020-08-07T13:10:44 IST">
          <reporter-output>
          </reporter-output>
        </test-method> <!-- test1 -->
        <test-method status="PASS" signature="test2()[pri:0, instance:NG.Alltest@737996a0]" name="test2" duration-ms="21696" started-at="2020-08-07T13:10:44 IST" finished-at="2020-08-07T13:11:06 IST">
          <reporter-output>
          </reporter-output>
        </test-method> <!-- test2 -->
      </class> <!-- NG.Alltest -->
      <class name="NG.Exceptiontimeouttest">
        <test-method status="PASS" signature="test1()[pri:0, instance:NG.Exceptiontimeouttest@61dc03ce]" name="test1" duration-ms="0" started-at="2020-08-07T13:11:06 IST" finished-at="2020-08-07T13:11:06 IST">
          <exception class="java.lang.NumberFormatException">
            <message>
              <![CDATA[For input string: "100A"]]>
            </message>
            <full-stacktrace>
              <![CDATA[java.lang.NumberFormatException: For input string: "100A"
at java.lang.NumberFormatException.forInputString(Unknown Source)
at java.lang.Integer.parseInt(Unknown Source)
at java.lang.Integer.parseInt(Unknown Source)
at NG.Exceptiontimeouttest.test1(Exceptiontimeouttest.java:15)
at sun.reflect.NativeMethodAccessorImpl.invoke0(Native Method)
at sun.reflect.NativeMethodAccessorImpl.invoke(Unknown Source)
at sun.reflect.DelegatingMethodAccessorImpl.invoke(Unknown Source)
at java.lang.reflect.Method.invoke(Unknown Source)
at org.testng.internal.MethodInvocationHelper.invokeMethod(MethodInvocationHelper.java:135)
at org.testng.internal.TestInvoker.invokeMethod(TestInvoker.java:598)
at org.testng.internal.TestInvoker.invokeTestMethod(TestInvoker.java:174)
at org.testng.internal.MethodRunner.runInSequence(MethodRunner.java:46)
at org.testng.internal.TestInvoker$MethodInvocationAgent.invoke(TestInvoker.java:821)
at org.testng.internal.TestInvoker.invokeTestMethods(TestInvoker.java:147)
at org.testng.internal.TestMethodWorker.invokeTestMethods(TestMethodWorker.java:146)
at org.testng.internal.TestMethodWorker.run(TestMethodWorker.java:128)
at java.util.ArrayList.forEach(Unknown Source)
at org.testng.TestRunner.privateRun(TestRunner.java:767)
at org.testng.TestRunner.run(TestRunner.java:588)
at org.testng.SuiteRunner.runTest(SuiteRunner.java:384)
at org.testng.SuiteRunner.runSequentially(SuiteRunner.java:378)
at org.testng.SuiteRunner.privateRun(SuiteRunner.java:337)
at org.testng.SuiteRunner.run(SuiteRunner.java:286)
at org.testng.SuiteRunnerWorker.runSuite(SuiteRunnerWorker.java:53)
at org.testng.SuiteRunnerWorker.run(SuiteRunnerWorker.java:96)
at org.testng.TestNG.runSuitesSequentially(TestNG.java:1214)
at org.testng.TestNG.runSuitesLocally(TestNG.java:1136)
at org.testng.TestNG.runSuites(TestNG.java:1066)
at org.testng.TestNG.run(TestNG.java:1034)
at org.testng.TestNG.privateMain(TestNG.java:1363)
at org.testng.TestNG.main(TestNG.java:1331)
]]>
            </full-stacktrace>
          </exception> <!-- java.lang.NumberFormatException -->
          <reporter-output>
          </reporter-output>
        </test-method> <!-- test1 -->
      </class> <!-- NG.Exceptiontimeouttest -->
      <class name="NG.Invocationcounttest">
        <test-method status="PASS" signature="sum()[pri:0, instance:NG.Invocationcounttest@50f8360d]" name="sum" duration-ms="0" started-at="2020-08-07T13:11:06 IST" finished-at="2020-08-07T13:11:06 IST">
          <reporter-output>
          </reporter-output>
        </test-method> <!-- sum -->
        <test-method status="PASS" signature="sum()[pri:0, instance:NG.Invocationcounttest@50f8360d]" name="sum" duration-ms="0" started-at="2020-08-07T13:11:06 IST" finished-at="2020-08-07T13:11:06 IST">
          <reporter-output>
          </reporter-output>
        </test-method> <!-- sum -->
        <test-method status="PASS" signature="sum()[pri:0, instance:NG.Invocationcounttest@50f8360d]" name="sum" duration-ms="0" started-at="2020-08-07T13:11:06 IST" finished-at="2020-08-07T13:11:06 IST">
          <reporter-output>
          </reporter-output>
        </test-method> <!-- sum -->
        <test-method status="PASS" signature="sum()[pri:0, instance:NG.Invocationcounttest@50f8360d]" name="sum" duration-ms="1" started-at="2020-08-07T13:11:06 IST" finished-at="2020-08-07T13:11:06 IST">
          <reporter-output>
          </reporter-output>
        </test-method> <!-- sum -->
        <test-method status="PASS" signature="sum()[pri:0, instance:NG.Invocationcounttest@50f8360d]" name="sum" duration-ms="0" started-at="2020-08-07T13:11:06 IST" finished-at="2020-08-07T13:11:06 IST">
          <reporter-output>
          </reporter-output>
        </test-method> <!-- sum -->
        <test-method status="PASS" signature="sum()[pri:0, instance:NG.Invocationcounttest@50f8360d]" name="sum" duration-ms="1" started-at="2020-08-07T13:11:06 IST" finished-at="2020-08-07T13:11:06 IST">
          <reporter-output>
          </reporter-output>
        </test-method> <!-- sum -->
        <test-method status="PASS" signature="sum()[pri:0, instance:NG.Invocationcounttest@50f8360d]" name="sum" duration-ms="0" started-at="2020-08-07T13:11:06 IST" finished-at="2020-08-07T13:11:06 IST">
          <reporter-output>
          </reporter-output>
        </test-method> <!-- sum -->
        <test-method status="PASS" signature="sum()[pri:0, instance:NG.Invocationcounttest@50f8360d]" name="sum" duration-ms="0" started-at="2020-08-07T13:11:06 IST" finished-at="2020-08-07T13:11:06 IST">
          <reporter-output>
          </reporter-output>
        </test-method> <!-- sum -->
        <test-method status="PASS" signature="sum()[pri:0, instance:NG.Invocationcounttest@50f8360d]" name="sum" duration-ms="0" started-at="2020-08-07T13:11:06 IST" finished-at="2020-08-07T13:11:06 IST">
          <reporter-output>
          </reporter-output>
        </test-method> <!-- sum -->
        <test-method status="PASS" signature="sum()[pri:0, instance:NG.Invocationcounttest@50f8360d]" name="sum" duration-ms="0" started-at="2020-08-07T13:11:06 IST" finished-at="2020-08-07T13:11:06 IST">
          <reporter-output>
          </reporter-output>
        </test-method> <!-- sum -->
      </class> <!-- NG.Invocationcounttest -->
      <class name="NG.TestNGfeatures">
        <test-method status="PASS" signature="loginTest()[pri:0, instance:NG.TestNGfeatures@13c78c0b]" name="loginTest" duration-ms="0" started-at="2020-08-07T13:12:20 IST" finished-at="2020-08-07T13:12:20 IST">
          <reporter-output>
          </reporter-output>
        </test-method> <!-- loginTest -->
        <test-method status="PASS" signature="HomePagetest()[pri:0, instance:NG.TestNGfeatures@13c78c0b]" name="HomePagetest" duration-ms="0" started-at="2020-08-07T13:12:20 IST" depends-on-methods="NG.TestNGfeatures.loginTest" finished-at="2020-08-07T13:12:20 IST">
          <reporter-output>
          </reporter-output>
        </test-method> <!-- HomePagetest -->
        <test-method status="PASS" signature="RegisterPagetest()[pri:0, instance:NG.TestNGfeatures@13c78c0b]" name="RegisterPagetest" duration-ms="0" started-at="2020-08-07T13:12:20 IST" depends-on-methods="NG.TestNGfeatures.loginTest" finished-at="2020-08-07T13:12:20 IST">
          <reporter-output>
          </reporter-output>
        </test-method> <!-- RegisterPagetest -->
        <test-method status="PASS" signature="SearchPagetest()[pri:0, instance:NG.TestNGfeatures@13c78c0b]" name="SearchPagetest" duration-ms="0" started-at="2020-08-07T13:12:20 IST" depends-on-methods="NG.TestNGfeatures.loginTest" finished-at="2020-08-07T13:12:20 IST">
          <reporter-output>
          </reporter-output>
        </test-method> <!-- SearchPagetest -->
      </class> <!-- NG.TestNGfeatures -->
      <class name="NG.TestNGbasic">
        <test-method status="PASS" signature="setup()[pri:0, instance:NG.TestNGbasic@234bef66]" name="setup" is-config="true" duration-ms="10" started-at="2020-08-07T13:10:44 IST" finished-at="2020-08-07T13:10:44 IST">
          <reporter-output>
          </reporter-output>
        </test-method> <!-- setup -->
        <test-method status="PASS" signature="launchbrowser()[pri:0, instance:NG.TestNGbasic@234bef66]" name="launchbrowser" is-config="true" duration-ms="1" started-at="2020-08-07T13:10:44 IST" finished-at="2020-08-07T13:10:44 IST">
          <reporter-output>
          </reporter-output>
        </test-method> <!-- launchbrowser -->
        <test-method status="PASS" signature="login()[pri:0, instance:NG.TestNGbasic@234bef66]" name="login" is-config="true" duration-ms="1" started-at="2020-08-07T13:12:20 IST" finished-at="2020-08-07T13:12:20 IST">
          <reporter-output>
          </reporter-output>
        </test-method> <!-- login -->
        <test-method status="PASS" signature="enterURL()[pri:0, instance:NG.TestNGbasic@234bef66]" name="enterURL" is-config="true" duration-ms="1" started-at="2020-08-07T13:12:20 IST" finished-at="2020-08-07T13:12:20 IST">
          <reporter-output>
          </reporter-output>
        </test-method> <!-- enterURL -->
        <test-method status="PASS" signature="clickonsearch()[pri:0, instance:NG.TestNGbasic@234bef66]" name="clickonsearch" duration-ms="0" started-at="2020-08-07T13:12:20 IST" finished-at="2020-08-07T13:12:20 IST">
          <reporter-output>
          </reporter-output>
        </test-method> <!-- clickonsearch -->
        <test-method status="PASS" signature="logout()[pri:0, instance:NG.TestNGbasic@234bef66]" name="logout" is-config="true" duration-ms="0" started-at="2020-08-07T13:12:20 IST" finished-at="2020-08-07T13:12:20 IST">
          <reporter-output>
          </reporter-output>
        </test-method> <!-- logout -->
        <test-method status="PASS" signature="enterURL()[pri:0, instance:NG.TestNGbasic@234bef66]" name="enterURL" is-config="true" duration-ms="0" started-at="2020-08-07T13:12:20 IST" finished-at="2020-08-07T13:12:20 IST">
          <reporter-output>
          </reporter-output>
        </test-method> <!-- enterURL -->
        <test-method status="PASS" signature="selectbed()[pri:0, instance:NG.TestNGbasic@234bef66]" name="selectbed" duration-ms="0" started-at="2020-08-07T13:12:20 IST" finished-at="2020-08-07T13:12:20 IST">
          <reporter-output>
          </reporter-output>
        </test-method> <!-- selectbed -->
        <test-method status="PASS" signature="enterURL()[pri:0, instance:NG.TestNGbasic@234bef66]" name="enterURL" is-config="true" duration-ms="1" started-at="2020-08-07T13:12:20 IST" finished-at="2020-08-07T13:12:20 IST">
          <reporter-output>
          </reporter-output>
        </test-method> <!-- enterURL -->
        <test-method status="PASS" signature="logout()[pri:0, instance:NG.TestNGbasic@234bef66]" name="logout" is-config="true" duration-ms="0" started-at="2020-08-07T13:12:20 IST" finished-at="2020-08-07T13:12:20 IST">
          <reporter-output>
          </reporter-output>
        </test-method> <!-- logout -->
        <test-method status="PASS" signature="selectward()[pri:0, instance:NG.TestNGbasic@234bef66]" name="selectward" duration-ms="0" started-at="2020-08-07T13:12:20 IST" finished-at="2020-08-07T13:12:20 IST">
          <reporter-output>
          </reporter-output>
        </test-method> <!-- selectward -->
        <test-method status="PASS" signature="logout()[pri:0, instance:NG.TestNGbasic@234bef66]" name="logout" is-config="true" duration-ms="0" started-at="2020-08-07T13:12:20 IST" finished-at="2020-08-07T13:12:20 IST">
          <reporter-output>
          </reporter-output>
        </test-method> <!-- logout -->
        <test-method status="PASS" signature="closebrowser()[pri:0, instance:NG.TestNGbasic@234bef66]" name="closebrowser" is-config="true" duration-ms="1" started-at="2020-08-07T13:12:20 IST" finished-at="2020-08-07T13:12:20 IST">
          <reporter-output>
          </reporter-output>
        </test-method> <!-- closebrowser -->
        <test-method status="PASS" signature="deletecookies()[pri:0, instance:NG.TestNGbasic@234bef66]" name="deletecookies" is-config="true" duration-ms="1" started-at="2020-08-07T13:12:20 IST" finished-at="2020-08-07T13:12:20 IST">
          <reporter-output>
          </reporter-output>
        </test-method> <!-- deletecookies -->
        <test-method status="PASS" signature="generatetestreport()[pri:0, instance:NG.TestNGbasic@234bef66]" name="generatetestreport" is-config="true" duration-ms="0" started-at="2020-08-07T13:12:20 IST" finished-at="2020-08-07T13:12:20 IST">
          <reporter-output>
          </reporter-output>
        </test-method> <!-- generatetestreport -->
      </class> <!-- NG.TestNGbasic -->
    </test> <!-- Test -->
  </suite> <!-- Suite -->
</testng-results>
